{"name": "test_check_logo_yandex", "status": "failed", "statusDetails": {"message": "AssertionError", "trace": "self = <tests.test_check_logo.TestCheckLogoScooter object at 0x10798a710>\ndriver = <selenium.webdriver.firefox.webdriver.WebDriver (session=\"942d3c67-8bf3-42e7-8280-7169df6c679e\")>\n\n    @allure.step(\"Тест проверки логотипа Яндекс\")\n    def test_check_logo_yandex(self, driver):\n        check_logo = CheckLogoYandex(driver)\n        check_logo.click_yandex_logo()\n>       check_logo.check_current_url_is_home_page(page_dzen)\n\ntests/test_check_logo.py:18: \n_ _ _ _ _ _ _ _ _ _ _ _ _ _ _ _ _ _ _ _ _ _ _ _ _ _ _ _ _ _ _ _ _ _ _ _ _ _ _ _ _ _ _ _ _ _ _ _ _ _ _ _ _ _ _ _ _ _ _ _ _ _ _ _ _ _ _ _ _ _ _ _ _ _\n\nself = <pages.check_logo.CheckLogoYandex object at 0x106eab230>, home_url = 'https://dzen.ru/'\n\n    @allure.step(\"Проверить, что открылась главная страница Дзен\")\n    def check_current_url_is_home_page(self, home_url):\n        current_url = self.get_current_url()\n>       assert current_url == home_url\nE       AssertionError\n\npages/check_logo.py:30: AssertionError"}, "steps": [{"name": "Тест проверки логотипа Яндекс", "status": "failed", "statusDetails": {"message": "AssertionError\n", "trace": "  File \"/Library/Frameworks/Python.framework/Versions/3.13/lib/python3.13/site-packages/allure_commons/_allure.py\", line 192, in impl\n    return func(*a, **kw)\n  File \"/Users/elena/yandex/Sprint_6/Sprint_6/tests/test_check_logo.py\", line 18, in test_check_logo_yandex\n    check_logo.check_current_url_is_home_page(page_dzen)\n    ~~~~~~~~~~~~~~~~~~~~~~~~~~~~~~~~~~~~~~~~~^^^^^^^^^^^\n  File \"/Library/Frameworks/Python.framework/Versions/3.13/lib/python3.13/site-packages/allure_commons/_allure.py\", line 192, in impl\n    return func(*a, **kw)\n  File \"/Users/elena/yandex/Sprint_6/Sprint_6/pages/check_logo.py\", line 30, in check_current_url_is_home_page\n    assert current_url == home_url\n           ^^^^^^^^^^^^^^^^^^^^^^^\n"}, "steps": [{"name": "Нажать логин Яндекс", "status": "passed", "steps": [{"name": "Подождать видимости элемента", "status": "passed", "parameters": [{"name": "locator", "value": "('class name', 'Header_LogoYandex__3TSOI')"}, {"name": "timeout", "value": "20"}], "start": 1747579531856, "stop": 1747579531882}, {"name": "Кликнуть на элемент", "status": "passed", "steps": [{"name": "Подождать видимости элемента", "status": "passed", "parameters": [{"name": "locator", "value": "('class name', 'Header_LogoYandex__3TSOI')"}, {"name": "timeout", "value": "20"}], "start": 1747579531882, "stop": 1747579531889}], "parameters": [{"name": "locator", "value": "('class name', 'Header_LogoYandex__3TSOI')"}], "start": 1747579531882, "stop": 1747579531920}], "start": 1747579531856, "stop": 1747579531920}, {"name": "Проверить, что открылась главная страница Дзен", "status": "failed", "statusDetails": {"message": "AssertionError\n", "trace": "  File \"/Library/Frameworks/Python.framework/Versions/3.13/lib/python3.13/site-packages/allure_commons/_allure.py\", line 192, in impl\n    return func(*a, **kw)\n  File \"/Users/elena/yandex/Sprint_6/Sprint_6/pages/check_logo.py\", line 30, in check_current_url_is_home_page\n    assert current_url == home_url\n           ^^^^^^^^^^^^^^^^^^^^^^^\n"}, "steps": [{"name": "Получить текущий URL страницы", "status": "passed", "start": 1747579531920, "stop": 1747579531925}], "parameters": [{"name": "home_url", "value": "'https://dzen.ru/'"}], "start": 1747579531920, "stop": 1747579531925}], "parameters": [{"name": "driver", "value": "<selenium.webdriver.firefox.webdriver.WebDriver (session=\"942d3c67-8bf3-42e7-8280-7169df6c679e\")>"}], "start": 1747579531856, "stop": 1747579531926}], "start": 1747579531855, "stop": 1747579531927, "uuid": "6699b6b1-0410-4a71-a3a9-a54c9e4f8db9", "historyId": "60ca8efccf9ea2f55ab2a878a381b872", "testCaseId": "60ca8efccf9ea2f55ab2a878a381b872", "fullName": "tests.test_check_logo.TestCheckLogoScooter#test_check_logo_yandex", "labels": [{"name": "parentSuite", "value": "tests"}, {"name": "suite", "value": "test_check_logo"}, {"name": "subSuite", "value": "TestCheckLogoScooter"}, {"name": "host", "value": "MacBook-Air-Elena.local"}, {"name": "thread", "value": "21462-MainThread"}, {"name": "framework", "value": "pytest"}, {"name": "language", "value": "cpython3"}, {"name": "package", "value": "tests.test_check_logo"}]}